
> fsevents@1.1.2 install /Users/nicolascoulon/Documents/DEV/Projects/node/cours/leaflet-react/node_modules/fsevents
> node install

[fsevents] Success: "/Users/nicolascoulon/Documents/DEV/Projects/node/cours/leaflet-react/node_modules/fsevents/lib/binding/Release/node-v51-darwin-x64/fse.node" is installed via remote

> uglifyjs-webpack-plugin@0.4.6 postinstall /Users/nicolascoulon/Documents/DEV/Projects/node/cours/leaflet-react/node_modules/uglifyjs-webpack-plugin
> node lib/post_install.js

leaflet-react@1.0.0 /Users/nicolascoulon/Documents/DEV/Projects/node/cours/leaflet-react
└─┬ webpack@3.3.0 
  ├── acorn@5.1.1 
  ├─┬ acorn-dynamic-import@2.0.2 
  │ └── acorn@4.0.13 
  ├─┬ ajv@5.2.2 
  │ ├── co@4.6.0 
  │ ├── fast-deep-equal@1.0.0 
  │ ├── json-schema-traverse@0.3.1 
  │ └─┬ json-stable-stringify@1.0.1 
  │   └── jsonify@0.0.0 
  ├── ajv-keywords@2.1.0 
  ├── async@2.5.0 
  ├─┬ enhanced-resolve@3.3.0 
  │ └── graceful-fs@4.1.11 
  ├─┬ escope@3.6.0 
  │ ├─┬ es6-map@0.1.5 
  │ │ ├── d@1.0.0 
  │ │ ├── es5-ext@0.10.24 
  │ │ ├── es6-iterator@2.0.1 
  │ │ ├── es6-set@0.1.5 
  │ │ ├── es6-symbol@3.1.1 
  │ │ └── event-emitter@0.3.5 
  │ ├── es6-weak-map@2.0.2 
  │ ├── esrecurse@4.2.0 
  │ └── estraverse@4.2.0 
  ├── interpret@1.0.3 
  ├── json-loader@0.5.6 
  ├── json5@0.5.1 
  ├── loader-runner@2.3.0 
  ├─┬ loader-utils@1.1.0 
  │ ├── big.js@3.1.3 
  │ └── emojis-list@2.1.0 
  ├─┬ memory-fs@0.4.1 
  │ ├─┬ errno@0.1.4 
  │ │ └── prr@0.0.0 
  │ └─┬ readable-stream@2.3.3 
  │   ├── core-util-is@1.0.2 
  │   ├── inherits@2.0.3 
  │   ├── isarray@1.0.0 
  │   ├── process-nextick-args@1.0.7 
  │   ├── safe-buffer@5.1.1 
  │   ├── string_decoder@1.0.3 
  │   └── util-deprecate@1.0.2 
  ├─┬ mkdirp@0.5.1 
  │ └── minimist@0.0.8 
  ├─┬ node-libs-browser@2.0.0 
  │ ├── assert@1.4.1 
  │ ├─┬ browserify-zlib@0.1.4 
  │ │ └── pako@0.2.9 
  │ ├─┬ buffer@4.9.1 
  │ │ ├── base64-js@1.2.1 
  │ │ └── ieee754@1.1.8 
  │ ├─┬ console-browserify@1.1.0 
  │ │ └── date-now@0.1.4 
  │ ├── constants-browserify@1.0.0 
  │ ├─┬ crypto-browserify@3.11.1 
  │ │ ├─┬ browserify-cipher@1.0.0 
  │ │ │ ├─┬ browserify-aes@1.0.6 
  │ │ │ │ └── buffer-xor@1.0.3 
  │ │ │ ├─┬ browserify-des@1.0.0 
  │ │ │ │ └── des.js@1.0.0 
  │ │ │ └── evp_bytestokey@1.0.0 
  │ │ ├─┬ browserify-sign@4.0.4 
  │ │ │ ├── bn.js@4.11.7 
  │ │ │ ├── browserify-rsa@4.0.1 
  │ │ │ ├─┬ elliptic@6.4.0 
  │ │ │ │ ├── brorand@1.1.0 
  │ │ │ │ ├── hash.js@1.1.3 
  │ │ │ │ ├── hmac-drbg@1.0.1 
  │ │ │ │ ├── minimalistic-assert@1.0.0 
  │ │ │ │ └── minimalistic-crypto-utils@1.0.1 
  │ │ │ └─┬ parse-asn1@5.1.0 
  │ │ │   └── asn1.js@4.9.1 
  │ │ ├── create-ecdh@4.0.0 
  │ │ ├─┬ create-hash@1.1.3 
  │ │ │ ├── cipher-base@1.0.4 
  │ │ │ ├─┬ ripemd160@2.0.1 
  │ │ │ │ └── hash-base@2.0.2 
  │ │ │ └── sha.js@2.4.8 
  │ │ ├── create-hmac@1.1.6 
  │ │ ├─┬ diffie-hellman@5.0.2 
  │ │ │ └── miller-rabin@4.0.0 
  │ │ ├── pbkdf2@3.0.12 
  │ │ ├── public-encrypt@4.0.0 
  │ │ └── randombytes@2.0.5 
  │ ├── domain-browser@1.1.7 
  │ ├── events@1.1.1 
  │ ├── https-browserify@0.0.1 
  │ ├── os-browserify@0.2.1 
  │ ├── path-browserify@0.0.0 
  │ ├── process@0.11.10 
  │ ├── punycode@1.4.1 
  │ ├── querystring-es3@0.2.1 
  │ ├── stream-browserify@2.0.1 
  │ ├─┬ stream-http@2.7.2 
  │ │ ├── builtin-status-codes@3.0.0 
  │ │ ├── to-arraybuffer@1.0.1 
  │ │ └── xtend@4.0.1 
  │ ├── string_decoder@0.10.31 
  │ ├── timers-browserify@2.0.2 
  │ ├── tty-browserify@0.0.0 
  │ ├─┬ url@0.11.0 
  │ │ ├── punycode@1.3.2 
  │ │ └── querystring@0.2.0 
  │ ├─┬ util@0.10.3 
  │ │ └── inherits@2.0.1 
  │ └─┬ vm-browserify@0.0.4 
  │   └── indexof@0.0.1 
  ├── source-map@0.5.6 
  ├─┬ supports-color@3.2.3 
  │ └── has-flag@1.0.0 
  ├── tapable@0.2.7 
  ├─┬ uglifyjs-webpack-plugin@0.4.6 
  │ └─┬ uglify-js@2.8.29 
  │   ├── uglify-to-browserify@1.0.2 
  │   └─┬ yargs@3.10.0 
  │     ├── camelcase@1.2.1 
  │     ├─┬ cliui@2.1.0 
  │     │ ├─┬ center-align@0.1.3 
  │     │ │ ├─┬ align-text@0.1.4 
  │     │ │ │ ├── longest@1.0.1 
  │     │ │ │ └── repeat-string@1.6.1 
  │     │ │ └── lazy-cache@1.0.4 
  │     │ ├── right-align@0.1.3 
  │     │ └── wordwrap@0.0.2 
  │     └── window-size@0.1.0 
  ├─┬ watchpack@1.4.0 
  │ └─┬ chokidar@1.7.0 
  │   ├─┬ anymatch@1.3.0 
  │   │ ├── arrify@1.0.1 
  │   │ └─┬ micromatch@2.3.11 
  │   │   ├─┬ arr-diff@2.0.0 
  │   │   │ └── arr-flatten@1.1.0 
  │   │   ├── array-unique@0.2.1 
  │   │   ├─┬ braces@1.8.5 
  │   │   │ ├─┬ expand-range@1.8.2 
  │   │   │ │ └─┬ fill-range@2.2.3 
  │   │   │ │   ├── is-number@2.1.0 
  │   │   │ │   ├── isobject@2.1.0 
  │   │   │ │   └─┬ randomatic@1.1.7 
  │   │   │ │     ├─┬ is-number@3.0.0 
  │   │   │ │     │ └── kind-of@3.2.2 
  │   │   │ │     └── kind-of@4.0.0 
  │   │   │ ├── preserve@0.2.0 
  │   │   │ └── repeat-element@1.1.2 
  │   │   ├─┬ expand-brackets@0.1.5 
  │   │   │ └── is-posix-bracket@0.1.1 
  │   │   ├── extglob@0.3.2 
  │   │   ├── filename-regex@2.0.1 
  │   │   ├─┬ kind-of@3.2.2 
  │   │   │ └── is-buffer@1.1.5 
  │   │   ├─┬ normalize-path@2.1.1 
  │   │   │ └── remove-trailing-separator@1.0.2 
  │   │   ├─┬ object.omit@2.0.1 
  │   │   │ ├─┬ for-own@0.1.5 
  │   │   │ │ └── for-in@1.0.2 
  │   │   │ └── is-extendable@0.1.1 
  │   │   ├─┬ parse-glob@3.0.4 
  │   │   │ ├── glob-base@0.3.0 
  │   │   │ └── is-dotfile@1.0.3 
  │   │   └─┬ regex-cache@0.4.3 
  │   │     ├── is-equal-shallow@0.1.3 
  │   │     └── is-primitive@2.0.0 
  │   ├── async-each@1.0.1 
  │   ├─┬ fsevents@1.1.2 
  │   │ ├── nan@2.6.2 
  │   │ └─┬ node-pre-gyp@0.6.36 
  │   │   ├─┬ mkdirp@0.5.1 
  │   │   │ └── minimist@0.0.8 
  │   │   ├─┬ nopt@4.0.1 
  │   │   │ ├── abbrev@1.1.0 
  │   │   │ └─┬ osenv@0.1.4 
  │   │   │   ├── os-homedir@1.0.2 
  │   │   │   └── os-tmpdir@1.0.2 
  │   │   ├─┬ npmlog@4.1.0 
  │   │   │ ├─┬ are-we-there-yet@1.1.4 
  │   │   │ │ └── delegates@1.0.0 
  │   │   │ ├── console-control-strings@1.1.0 
  │   │   │ ├─┬ gauge@2.7.4 
  │   │   │ │ ├── aproba@1.1.1 
  │   │   │ │ ├── has-unicode@2.0.1 
  │   │   │ │ ├── object-assign@4.1.1 
  │   │   │ │ ├── signal-exit@3.0.2 
  │   │   │ │ ├─┬ string-width@1.0.2 
  │   │   │ │ │ ├── code-point-at@1.1.0 
  │   │   │ │ │ └─┬ is-fullwidth-code-point@1.0.0 
  │   │   │ │ │   └── number-is-nan@1.0.1 
  │   │   │ │ ├─┬ strip-ansi@3.0.1 
  │   │   │ │ │ └── ansi-regex@2.1.1 
  │   │   │ │ └── wide-align@1.1.2 
  │   │   │ └── set-blocking@2.0.0 
  │   │   ├─┬ rc@1.2.1 
  │   │   │ ├── deep-extend@0.4.2 
  │   │   │ ├── ini@1.3.4 
  │   │   │ ├── minimist@1.2.0 
  │   │   │ └── strip-json-comments@2.0.1 
  │   │   ├─┬ request@2.81.0 
  │   │   │ ├── aws-sign2@0.6.0 
  │   │   │ ├── aws4@1.6.0 
  │   │   │ ├── caseless@0.12.0 
  │   │   │ ├─┬ combined-stream@1.0.5 
  │   │   │ │ └── delayed-stream@1.0.0 
  │   │   │ ├── extend@3.0.1 
  │   │   │ ├── forever-agent@0.6.1 
  │   │   │ ├─┬ form-data@2.1.4 
  │   │   │ │ └── asynckit@0.4.0 
  │   │   │ ├─┬ har-validator@4.2.1 
  │   │   │ │ ├─┬ ajv@4.11.8 
  │   │   │ │ │ ├── co@4.6.0 
  │   │   │ │ │ └─┬ json-stable-stringify@1.0.1 
  │   │   │ │ │   └── jsonify@0.0.0 
  │   │   │ │ └── har-schema@1.0.5 
  │   │   │ ├─┬ hawk@3.1.3 
  │   │   │ │ ├── boom@2.10.1 
  │   │   │ │ ├── cryptiles@2.0.5 
  │   │   │ │ ├── hoek@2.16.3 
  │   │   │ │ └── sntp@1.0.9 
  │   │   │ ├─┬ http-signature@1.1.1 
  │   │   │ │ ├── assert-plus@0.2.0 
  │   │   │ │ ├─┬ jsprim@1.4.0 
  │   │   │ │ │ ├── assert-plus@1.0.0 
  │   │   │ │ │ ├── extsprintf@1.0.2 
  │   │   │ │ │ ├── json-schema@0.2.3 
  │   │   │ │ │ └── verror@1.3.6 
  │   │   │ │ └─┬ sshpk@1.13.0 
  │   │   │ │   ├── asn1@0.2.3 
  │   │   │ │   ├── assert-plus@1.0.0 
  │   │   │ │   ├── bcrypt-pbkdf@1.0.1 
  │   │   │ │   ├─┬ dashdash@1.14.1 
  │   │   │ │   │ └── assert-plus@1.0.0 
  │   │   │ │   ├── ecc-jsbn@0.1.1 
  │   │   │ │   ├─┬ getpass@0.1.7 
  │   │   │ │   │ └── assert-plus@1.0.0 
  │   │   │ │   ├── jodid25519@1.0.2 
  │   │   │ │   ├── jsbn@0.1.1 
  │   │   │ │   └── tweetnacl@0.14.5 
  │   │   │ ├── is-typedarray@1.0.0 
  │   │   │ ├── isstream@0.1.2 
  │   │   │ ├── json-stringify-safe@5.0.1 
  │   │   │ ├─┬ mime-types@2.1.15 
  │   │   │ │ └── mime-db@1.27.0 
  │   │   │ ├── oauth-sign@0.8.2 
  │   │   │ ├── performance-now@0.2.0 
  │   │   │ ├── qs@6.4.0 
  │   │   │ ├── safe-buffer@5.0.1 
  │   │   │ ├── stringstream@0.0.5 
  │   │   │ ├─┬ tough-cookie@2.3.2 
  │   │   │ │ └── punycode@1.4.1 
  │   │   │ ├── tunnel-agent@0.6.0 
  │   │   │ └── uuid@3.0.1 
  │   │   ├─┬ rimraf@2.6.1 
  │   │   │ └─┬ glob@7.1.2 
  │   │   │   ├── fs.realpath@1.0.0 
  │   │   │   ├── inflight@1.0.6 
  │   │   │   ├─┬ minimatch@3.0.4 
  │   │   │   │ └─┬ brace-expansion@1.1.7 
  │   │   │   │   ├── balanced-match@0.4.2 
  │   │   │   │   └── concat-map@0.0.1 
  │   │   │   └── path-is-absolute@1.0.1 
  │   │   ├── semver@5.3.0 
  │   │   ├─┬ tar@2.2.1 
  │   │   │ ├── block-stream@0.0.9 
  │   │   │ ├─┬ fstream@1.0.11 
  │   │   │ │ └── graceful-fs@4.1.11 
  │   │   │ └── inherits@2.0.3 
  │   │   └─┬ tar-pack@3.4.0 
  │   │     ├─┬ debug@2.6.8 
  │   │     │ └── ms@2.0.0 
  │   │     ├── fstream-ignore@1.0.5 
  │   │     ├─┬ once@1.4.0 
  │   │     │ └── wrappy@1.0.2 
  │   │     ├─┬ readable-stream@2.2.9 
  │   │     │ ├── buffer-shims@1.0.0 
  │   │     │ ├── core-util-is@1.0.2 
  │   │     │ ├── isarray@1.0.0 
  │   │     │ ├── process-nextick-args@1.0.7 
  │   │     │ ├── string_decoder@1.0.1 
  │   │     │ └── util-deprecate@1.0.2 
  │   │     └── uid-number@0.0.6 
  │   ├── glob-parent@2.0.0 
  │   ├─┬ is-binary-path@1.0.1 
  │   │ └── binary-extensions@1.8.0 
  │   ├─┬ is-glob@2.0.1 
  │   │ └── is-extglob@1.0.0 
  │   ├── path-is-absolute@1.0.1 
  │   └─┬ readdirp@2.1.0 
  │     ├─┬ minimatch@3.0.4 
  │     │ └─┬ brace-expansion@1.1.8 
  │     │   ├── balanced-match@1.0.0 
  │     │   └── concat-map@0.0.1 
  │     └── set-immediate-shim@1.0.1 
  ├─┬ webpack-sources@1.0.1 
  │ └── source-list-map@2.0.0 
  └─┬ yargs@6.6.0 
    ├── camelcase@3.0.0 
    ├─┬ cliui@3.2.0 
    │ └── wrap-ansi@2.1.0 
    ├── decamelize@1.2.0 
    ├── get-caller-file@1.0.2 
    ├─┬ os-locale@1.4.0 
    │ └─┬ lcid@1.0.0 
    │   └── invert-kv@1.0.0 
    ├─┬ read-pkg-up@1.0.1 
    │ ├─┬ find-up@1.1.2 
    │ │ ├── path-exists@2.1.0 
    │ │ └─┬ pinkie-promise@2.0.1 
    │ │   └── pinkie@2.0.4 
    │ └─┬ read-pkg@1.1.0 
    │   ├─┬ load-json-file@1.1.0 
    │   │ ├─┬ parse-json@2.2.0 
    │   │ │ └─┬ error-ex@1.3.1 
    │   │ │   └── is-arrayish@0.2.1 
    │   │ ├── pify@2.3.0 
    │   │ └─┬ strip-bom@2.0.0 
    │   │   └── is-utf8@0.2.1 
    │   ├─┬ normalize-package-data@2.4.0 
    │   │ ├── hosted-git-info@2.5.0 
    │   │ ├─┬ is-builtin-module@1.0.0 
    │   │ │ └── builtin-modules@1.1.1 
    │   │ ├── semver@5.3.0 
    │   │ └─┬ validate-npm-package-license@3.0.1 
    │   │   ├─┬ spdx-correct@1.0.2 
    │   │   │ └── spdx-license-ids@1.2.2 
    │   │   └── spdx-expression-parse@1.0.4 
    │   └── path-type@1.1.0 
    ├── require-directory@2.1.1 
    ├── require-main-filename@1.0.1 
    ├── set-blocking@2.0.0 
    ├─┬ string-width@1.0.2 
    │ ├── code-point-at@1.1.0 
    │ ├─┬ is-fullwidth-code-point@1.0.0 
    │ │ └── number-is-nan@1.0.1 
    │ └─┬ strip-ansi@3.0.1 
    │   └── ansi-regex@2.1.1 
    ├── which-module@1.0.0 
    ├── y18n@3.2.1 
    └─┬ yargs-parser@4.2.1 
      └── camelcase@3.0.0 

npm WARN leaflet-react@1.0.0 No description
npm WARN leaflet-react@1.0.0 No repository field.
